<?xml version="1.0" encoding="UTF-8"?>
<!-- Generated by org.testng.reporters.JUnitXMLReporter -->
<testsuite hostname="Siri-PC" ignored="0" name="Default test" tests="4" failures="0" timestamp="2020-06-10T21:53:17 PDT" time="0.052" errors="0">
  <testcase name="Login_01" time="0.008" classname="Practice_TestNGFinal.TC_Login"/>
  <testcase name="Login_02" time="0.001" classname="Practice_TestNGFinal.TC_Login"/>
  <testcase name="Login_03" time="0.001" classname="Practice_TestNGFinal.TC_Login"/>
  <testcase name="Login_04" time="0.001" classname="Practice_TestNGFinal.TC_Login"/>
</testsuite> <!-- Default test -->
