<?xml version="1.0" encoding="UTF-8"?>
<!-- Generated by org.testng.reporters.JUnitXMLReporter -->
<testsuite hostname="Siri-PC" ignored="1" name="Login_Test" tests="3" failures="0" timestamp="2020-06-10T21:54:01 PDT" time="0.056" errors="0">
  <testcase name="Login_01" time="0.009" classname="Practice_TestNGFinal.TC_Login_Group"/>
  <testcase name="Login_02" time="0.001" classname="Practice_TestNGFinal.TC_Login_Group"/>
  <testcase name="Login_03" time="0.002" classname="Practice_TestNGFinal.TC_Login_Group"/>
  <testcase name="Login_04" time="0.0" classname="Practice_TestNGFinal.TC_Login_Group">
    <ignored/>
  </testcase> <!-- Login_04 -->
</testsuite> <!-- Login_Test -->
