<?xml version="1.0" encoding="UTF-8"?>
<!-- Generated by org.testng.reporters.JUnitXMLReporter -->
<testsuite hostname="Siri-PC" ignored="3" name="Login_Test" tests="1" failures="0" timestamp="2020-06-10T22:36:12 PDT" time="0.041" errors="0">
  <testcase name="Login_01" time="0.009" classname="Practice_TestNGFinal.TC_Login"/>
  <testcase name="Login_04" time="0.0" classname="Practice_TestNGFinal.TC_Login">
    <ignored/>
  </testcase> <!-- Login_04 -->
  <testcase name="Login_03" time="0.0" classname="Practice_TestNGFinal.TC_Login">
    <ignored/>
  </testcase> <!-- Login_03 -->
  <testcase name="Login_02" time="0.0" classname="Practice_TestNGFinal.TC_Login">
    <ignored/>
  </testcase> <!-- Login_02 -->
</testsuite> <!-- Login_Test -->
