<?xml version="1.0" encoding="UTF-8"?>
<testsuite xmlns:xsi="http://www.w3.org/2001/XMLSchema-instance" xsi:noNamespaceSchemaLocation="https://maven.apache.org/surefire/maven-surefire-plugin/xsd/surefire-test-report.xsd" name="TestSuite" time="12.766" tests="2" errors="0" skipped="0" failures="0">
  <properties>
[...]
</properties>
  <testcase name="firefoxlaunch" classname="Practice_TestNGFinal.Tc_firefoxlaunch" time="7.782"/>
  <testcase name="chromelaunch" classname="Practice_TestNGFinal.TC_chromelaunch" time="11.305"/>
</testsuite>