<?xml version="1.0" encoding="UTF-8"?>
<testng-results skipped="0" failed="0" ignored="1" total="6" passed="5">
  <reporter-output>
  </reporter-output>
  <suite name="sanity_suite" duration-ms="99" started-at="2020-06-10T22:36:19 PDT" finished-at="2020-06-10T22:36:19 PDT">
    <groups>
      <group name="regression">
        <method signature="TC_Login_Group.Login_02()[pri:0, instance:Practice_TestNGFinal.TC_Login_Group@50b494a6]" name="Login_02" class="Practice_TestNGFinal.TC_Login_Group"/>
        <method signature="TC_Login_Group.Login_03()[pri:0, instance:Practice_TestNGFinal.TC_Login_Group@50b494a6]" name="Login_03" class="Practice_TestNGFinal.TC_Login_Group"/>
        <method signature="TC_Home_Group.Home_02()[pri:0, instance:Practice_TestNGFinal.TC_Home_Group@71bbf57e]" name="Home_02" class="Practice_TestNGFinal.TC_Home_Group"/>
      </group> <!-- regression -->
      <group name="sanity">
        <method signature="TC_Login_Group.Login_01()[pri:0, instance:Practice_TestNGFinal.TC_Login_Group@50b494a6]" name="Login_01" class="Practice_TestNGFinal.TC_Login_Group"/>
        <method signature="TC_Login_Group.Login_02()[pri:0, instance:Practice_TestNGFinal.TC_Login_Group@50b494a6]" name="Login_02" class="Practice_TestNGFinal.TC_Login_Group"/>
        <method signature="TC_Home_Group.Home_01()[pri:0, instance:Practice_TestNGFinal.TC_Home_Group@71bbf57e]" name="Home_01" class="Practice_TestNGFinal.TC_Home_Group"/>
      </group> <!-- sanity -->
    </groups>
    <test name="Login_Test" duration-ms="61" started-at="2020-06-10T22:36:19 PDT" finished-at="2020-06-10T22:36:19 PDT">
      <class name="Practice_TestNGFinal.TC_Login_Group">
        <test-method status="PASS" signature="Login_01()[pri:0, instance:Practice_TestNGFinal.TC_Login_Group@50b494a6]" name="Login_01" duration-ms="10" started-at="2020-06-10T22:36:19 PDT" finished-at="2020-06-10T22:36:19 PDT">
          <reporter-output>
          </reporter-output>
        </test-method> <!-- Login_01 -->
        <test-method status="PASS" signature="Login_02()[pri:0, instance:Practice_TestNGFinal.TC_Login_Group@50b494a6]" name="Login_02" duration-ms="1" started-at="2020-06-10T22:36:19 PDT" finished-at="2020-06-10T22:36:19 PDT">
          <reporter-output>
          </reporter-output>
        </test-method> <!-- Login_02 -->
        <test-method status="PASS" signature="Login_03()[pri:0, instance:Practice_TestNGFinal.TC_Login_Group@50b494a6]" name="Login_03" duration-ms="2" started-at="2020-06-10T22:36:19 PDT" finished-at="2020-06-10T22:36:19 PDT">
          <reporter-output>
          </reporter-output>
        </test-method> <!-- Login_03 -->
      </class> <!-- Practice_TestNGFinal.TC_Login_Group -->
    </test> <!-- Login_Test -->
    <test name="Home_Test" duration-ms="5" started-at="2020-06-10T22:36:19 PDT" finished-at="2020-06-10T22:36:19 PDT">
      <class name="Practice_TestNGFinal.TC_Home_Group">
        <test-method status="PASS" signature="Home_01()[pri:0, instance:Practice_TestNGFinal.TC_Home_Group@71bbf57e]" name="Home_01" duration-ms="1" started-at="2020-06-10T22:36:19 PDT" finished-at="2020-06-10T22:36:19 PDT">
          <reporter-output>
          </reporter-output>
        </test-method> <!-- Home_01 -->
        <test-method status="PASS" signature="Home_02()[pri:0, instance:Practice_TestNGFinal.TC_Home_Group@71bbf57e]" name="Home_02" duration-ms="1" started-at="2020-06-10T22:36:19 PDT" finished-at="2020-06-10T22:36:19 PDT">
          <reporter-output>
          </reporter-output>
        </test-method> <!-- Home_02 -->
      </class> <!-- Practice_TestNGFinal.TC_Home_Group -->
    </test> <!-- Home_Test -->
  </suite> <!-- sanity_suite -->
</testng-results>
